[    0.000000] Linux version 4.15.0-153-generic (buildd@lgw01-amd64-004) (gcc version 7.5.0 (Ubuntu 7.5.0-3ubuntu1~18.04)) #160-Ubuntu SMP Thu Jul 29 06:54:29 UTC 2021 (Ubuntu 4.15.0-153.160-generic 4.15.18)
[    0.000000] Command line: BOOT_IMAGE=/boot/vmlinuz-4.15.0-153-generic root=LABEL=cloudimg-rootfs ro console=tty1 console=ttyS0
[    0.000000] KERNEL supported cpus:
[    0.000000]   Intel GenuineIntel
[    0.000000]   AMD AuthenticAMD
[    0.000000]   Centaur CentaurHauls
[    0.000000] x86/fpu: x87 FPU will use FXSAVE
[    0.000000] e820: BIOS-provided physical RAM map:
[    0.000000] BIOS-e820: [mem 0x0000000000000000-0x000000000009fbff] usable
[    0.000000] BIOS-e820: [mem 0x000000000009fc00-0x000000000009ffff] reserved
[    0.000000] BIOS-e820: [mem 0x00000000000f0000-0x00000000000fffff] reserved
[    0.000000] BIOS-e820: [mem 0x0000000000100000-0x000000003ffeffff] usable
[    0.000000] BIOS-e820: [mem 0x000000003fff0000-0x000000003fffffff] ACPI data
[    0.000000] BIOS-e820: [mem 0x00000000fec00000-0x00000000fec00fff] reserved
[    0.000000] BIOS-e820: [mem 0x00000000fee00000-0x00000000fee00fff] reserved
[    0.000000] BIOS-e820: [mem 0x00000000fffc0000-0x00000000ffffffff] reserved
[    0.000000] NX (Execute Disable) protection: active
[    0.000000] SMBIOS 2.5 present.
[    0.000000] DMI: innotek GmbH VirtualBox/VirtualBox, BIOS VirtualBox 12/01/2006
[    0.000000] Hypervisor detected: KVM
[    0.000000] e820: last_pfn = 0x3fff0 max_arch_pfn = 0x400000000
[    0.000000] MTRR: Disabled
[    0.000000] x86/PAT: MTRRs disabled, skipping PAT initialization too.
[    0.000000] CPU MTRRs all blank - virtualized system.
[    0.000000] x86/PAT: Configuration [0-7]: WB  WT  UC- UC  WB  WT  UC- UC  
[    0.000000] found SMP MP-table at [mem 0x0009fff0-0x0009ffff]
[    0.000000] Scanning 1 areas for low memory corruption
[    0.000000] RAMDISK: [mem 0x359cd000-0x36cddfff]
[    0.000000] ACPI: Early table checksum verification disabled
[    0.000000] ACPI: RSDP 0x00000000000E0000 000024 (v02 VBOX  )
[    0.000000] ACPI: XSDT 0x000000003FFF0030 00003C (v01 VBOX   VBOXXSDT 00000001 ASL  00000061)
[    0.000000] ACPI: FACP 0x000000003FFF00F0 0000F4 (v04 VBOX   VBOXFACP 00000001 ASL  00000061)
[    0.000000] ACPI: DSDT 0x000000003FFF0470 002325 (v02 VBOX   VBOXBIOS 00000002 INTL 20100528)
[    0.000000] ACPI: FACS 0x000000003FFF0200 000040
[    0.000000] ACPI: FACS 0x000000003FFF0200 000040
[    0.000000] ACPI: APIC 0x000000003FFF0240 00005C (v02 VBOX   VBOXAPIC 00000001 ASL  00000061)
[    0.000000] ACPI: SSDT 0x000000003FFF02A0 0001CC (v01 VBOX   VBOXCPUT 00000002 INTL 20100528)
[    0.000000] ACPI: Reserving FACP table memory at [mem 0x3fff00f0-0x3fff01e3]
[    0.000000] ACPI: Reserving DSDT table memory at [mem 0x3fff0470-0x3fff2794]
[    0.000000] ACPI: Reserving FACS table memory at [mem 0x3fff0200-0x3fff023f]
[    0.000000] ACPI: Reserving FACS table memory at [mem 0x3fff0200-0x3fff023f]
[    0.000000] ACPI: Reserving APIC table memory at [mem 0x3fff0240-0x3fff029b]
[    0.000000] ACPI: Reserving SSDT table memory at [mem 0x3fff02a0-0x3fff046b]
[    0.000000] No NUMA configuration found
[    0.000000] Faking a node at [mem 0x0000000000000000-0x000000003ffeffff]
[    0.000000] NODE_DATA(0) allocated [mem 0x3ffc5000-0x3ffeffff]
[    0.000000] kvm-clock: cpu 0, msr 0:3ff44001, primary cpu clock
[    0.000000] kvm-clock: Using msrs 4b564d01 and 4b564d00
[    0.000000] kvm-clock: using sched offset of 6198971767 cycles
[    0.000000] clocksource: kvm-clock: mask: 0xffffffffffffffff max_cycles: 0x1cd42e4dffb, max_idle_ns: 881590591483 ns
[    0.000000] Zone ranges:
[    0.000000]   DMA      [mem 0x0000000000001000-0x0000000000ffffff]
[    0.000000]   DMA32    [mem 0x0000000001000000-0x000000003ffeffff]
[    0.000000]   Normal   empty
[    0.000000]   Device   empty
[    0.000000] Movable zone start for each node
[    0.000000] Early memory node ranges
[    0.000000]   node   0: [mem 0x0000000000001000-0x000000000009efff]
[    0.000000]   node   0: [mem 0x0000000000100000-0x000000003ffeffff]
[    0.000000] Reserved but unavailable: 104 pages
[    0.000000] Initmem setup node 0 [mem 0x0000000000001000-0x000000003ffeffff]
[    0.000000] ACPI: PM-Timer IO Port: 0x4008
[    0.000000] IOAPIC[0]: apic_id 2, version 32, address 0xfec00000, GSI 0-23
[    0.000000] ACPI: INT_SRC_OVR (bus 0 bus_irq 0 global_irq 2 dfl dfl)
[    0.000000] ACPI: INT_SRC_OVR (bus 0 bus_irq 9 global_irq 9 low level)
[    0.000000] Using ACPI (MADT) for SMP configuration information
[    0.000000] smpboot: Allowing 2 CPUs, 0 hotplug CPUs
[    0.000000] PM: Registered nosave memory: [mem 0x00000000-0x00000fff]
[    0.000000] PM: Registered nosave memory: [mem 0x0009f000-0x0009ffff]
[    0.000000] PM: Registered nosave memory: [mem 0x000a0000-0x000effff]
[    0.000000] PM: Registered nosave memory: [mem 0x000f0000-0x000fffff]
[    0.000000] e820: [mem 0x40000000-0xfebfffff] available for PCI devices
[    0.000000] Booting paravirtualized kernel on KVM
[    0.000000] clocksource: refined-jiffies: mask: 0xffffffff max_cycles: 0xffffffff, max_idle_ns: 7645519600211568 ns
[    0.000000] random: get_random_bytes called from start_kernel+0x99/0x500 with crng_init=0
[    0.000000] setup_percpu: NR_CPUS:8192 nr_cpumask_bits:2 nr_cpu_ids:2 nr_node_ids:1
[    0.000000] percpu: Embedded 45 pages/cpu s147456 r8192 d28672 u1048576
[    0.000000] PV qspinlock hash table entries: 256 (order: 0, 4096 bytes)
[    0.000000] Built 1 zonelists, mobility grouping on.  Total pages: 257913
[    0.000000] Policy zone: DMA32
[    0.000000] Kernel command line: BOOT_IMAGE=/boot/vmlinuz-4.15.0-153-generic root=LABEL=cloudimg-rootfs ro console=tty1 console=ttyS0
[    0.000000] Memory: 982712K/1048120K available (12300K kernel code, 2483K rwdata, 4320K rodata, 2448K init, 2724K bss, 65408K reserved, 0K cma-reserved)
[    0.000000] SLUB: HWalign=64, Order=0-3, MinObjects=0, CPUs=2, Nodes=1
[    0.000000] Kernel/User page tables isolation: enabled
[    0.000000] ftrace: allocating 39460 entries in 155 pages
[    0.004000] Hierarchical RCU implementation.
[    0.004000] 	RCU restricting CPUs from NR_CPUS=8192 to nr_cpu_ids=2.
[    0.004000] 	Tasks RCU enabled.
[    0.004000] RCU: Adjusting geometry for rcu_fanout_leaf=16, nr_cpu_ids=2
[    0.004000] NR_IRQS: 524544, nr_irqs: 440, preallocated irqs: 16
[    0.004000] Console: colour VGA+ 80x25
[    0.004000] console [tty1] enabled
[    0.004000] console [ttyS0] enabled
[    0.004000] ACPI: Core revision 20170831
[    0.004000] ACPI: 2 ACPI AML tables successfully acquired and loaded
[    0.004000] APIC: Switch to symmetric I/O mode setup
[    0.004000] ..TIMER: vector=0x30 apic1=0 pin1=2 apic2=-1 pin2=-1
[    0.004006] tsc: Detected 2593.996 MHz processor
[    0.008013] Calibrating delay loop (skipped) preset value.. 5187.99 BogoMIPS (lpj=10375984)
[    0.012008] pid_max: default: 32768 minimum: 301
[    0.016101] Security Framework initialized
[    0.020008] Yama: becoming mindful.
[    0.024140] AppArmor: AppArmor initialized
[    0.040638] Dentry cache hash table entries: 131072 (order: 8, 1048576 bytes)
[    0.049669] Inode-cache hash table entries: 65536 (order: 7, 524288 bytes)
[    0.052110] Mount-cache hash table entries: 2048 (order: 2, 16384 bytes)
[    0.056106] Mountpoint-cache hash table entries: 2048 (order: 2, 16384 bytes)
[    0.064786] Last level iTLB entries: 4KB 1024, 2MB 1024, 4MB 1024
[    0.068005] Last level dTLB entries: 4KB 1024, 2MB 1024, 4MB 1024, 1GB 4
[    0.072008] Spectre V1 : Mitigation: usercopy/swapgs barriers and __user pointer sanitization
[    0.076004] Spectre V2 : Mitigation: Full generic retpoline
[    0.080006] Spectre V2 : Spectre v2 / SpectreRSB mitigation: Filling RSB on context switch
[    0.084004] Speculative Store Bypass: Vulnerable
[    0.088057] MDS: Mitigation: Clear CPU buffers
[    0.092180] Freeing SMP alternatives memory: 36K
[    0.221462] APIC calibration not consistent with PM-Timer: 106ms instead of 100ms
[    0.224000] APIC delta adjusted to PM-Timer: 6431212 (6817386)
[    0.224555]smpboot: CPU0: Intel(R) Core(TM) i7-4510U CPU @ 2.00GHz (family: 0x6, model: 0x45, stepping: 0x1)
[    0.232385] Performance Events: unsupported p6 CPU model 69 no PMU driver, software events only.
[    0.236241] Hierarchical SRCU implementation.
[    0.245279] NMI watchdog: Perf event create on CPU 0 failed with -2
[    0.248011] NMI watchdog: Perf NMI watchdog permanently disabled
[    0.252481] smp: Bringing up secondary CPUs ...
[    0.261302] x86: Booting SMP configuration:
[    0.264005] .... node  #0, CPUs:      #1
[    0.004000] kvm-clock: cpu 1, msr 0:3ff44041, secondary cpu clock
[    0.283099] TSC synchronization [CPU#0 -> CPU#1]:
[    0.284000] Measured 156659 cycles TSC warp between CPUs, turning off TSC clock.
[    0.284000] tsc: Marking TSC unstable due to check_tsc_sync_source failed
[    0.292312] smp: Brought up 1 node, 2 CPUs
[    0.296011] smpboot: Max logical packages: 1
[    0.300008] smpboot: Total of 2 processors activated (10375.98 BogoMIPS)
[    0.309031] devtmpfs: initialized
[    0.312148] x86/mm: Memory block size: 128MB
[    0.316694] evm: security.selinux
[    0.320006] evm: security.SMACK64
[    0.324004] evm: security.SMACK64EXEC
[    0.328004] evm: security.SMACK64TRANSMUTE
[    0.332007] evm: security.SMACK64MMAP
[    0.336003] evm: security.apparmor
[    0.340003] evm: security.ima
[    0.344004] evm: security.capability
[    0.348654] clocksource: jiffies: mask: 0xffffffff max_cycles: 0xffffffff, max_idle_ns: 7645041785100000 ns
[    0.352157] futex hash table entries: 512 (order: 3, 32768 bytes)
[    0.356248] pinctrl core: initialized pinctrl subsystem
[    0.364956] RTC time:  1:24:08, date: 08/14/21
[    0.372456] NET: Registered protocol family 16
[    0.376168] audit: initializing netlink subsys (disabled)
[    0.380319] audit: type=2000 audit(1628904256.265:1): state=initialized audit_enabled=0 res=1
[    0.396013] cpuidle: using governor ladder
[    0.400014] cpuidle: using governor menu
[    0.408045] ACPI: bus type PCI registered
[    0.412007] acpiphp: ACPI Hot Plug PCI Controller Driver version: 0.5
[    0.420253] PCI: Using configuration type 1 for base access
[    0.432722] HugeTLB registered 2.00 MiB page size, pre-allocated 0 pages
[    0.440590] ACPI: Added _OSI(Module Device)
[    0.444016] ACPI: Added _OSI(Processor Device)
[    0.448009] ACPI: Added _OSI(3.0 _SCP Extensions)
[    0.452004] ACPI: Added _OSI(Processor Aggregator Device)
[    0.456012] ACPI: Added _OSI(Linux-Dell-Video)
[    0.460011] ACPI: Added _OSI(Linux-Lenovo-NV-HDMI-Audio)
[    0.464005] ACPI: Added _OSI(Linux-HPI-Hybrid-Graphics)
[    0.469119] ACPI: Executed 1 blocks of module-level executable AML code
[    0.482765] ACPI: Interpreter enabled
[    0.484018] ACPI: (supports S0 S5)
[    0.488005] ACPI: Using IOAPIC for interrupt routing
[    0.492852] PCI: Using host bridge windows from ACPI; if necessary, use "pci=nocrs" and report a bug
[    0.500378] ACPI: Enabled 2 GPEs in block 00 to 07
[    0.524508] ACPI: PCI Root Bridge [PCI0] (domain 0000 [bus 00-ff])
[    0.528020] acpi PNP0A03:00: _OSC: OS supports [ASPM ClockPM Segments MSI]
[    0.533333] acpi PNP0A03:00: _OSC: not requesting OS control; OS requires [ExtendedConfig ASPM ClockPM MSI]
[    0.536042] acpi PNP0A03:00: fail to add MMCONFIG information, can't access extended PCI configuration space under this bridge.
[    0.544408] PCI host bridge to bus 0000:00
[    0.548010] pci_bus 0000:00: root bus resource [io  0x0000-0x0cf7 window]
[    0.552014] pci_bus 0000:00: root bus resource [io  0x0d00-0xffff window]
[    0.556010] pci_bus 0000:00: root bus resource [mem 0x000a0000-0x000bffff window]
[    0.560011] pci_bus 0000:00: root bus resource [mem 0x40000000-0xfdffffff window]
[    0.564011] pci_bus 0000:00: root bus resource [bus 00-ff]
[    0.580932] pci 0000:00:01.1: legacy IDE quirk: reg 0x10: [io  0x01f0-0x01f7]
[    0.584005] pci 0000:00:01.1: legacy IDE quirk: reg 0x14: [io  0x03f6]
[    0.588013] pci 0000:00:01.1: legacy IDE quirk: reg 0x18: [io  0x0170-0x0177]
[    0.592005] pci 0000:00:01.1: legacy IDE quirk: reg 0x1c: [io  0x0376]
[    0.670653] pci 0000:00:07.0: quirk: [io  0x4000-0x403f] claimed by PIIX4 ACPI
[    0.672056] pci 0000:00:07.0: quirk: [io  0x4100-0x410f] claimed by PIIX4 SMB
[    0.698425] ACPI: PCI Interrupt Link [LNKA] (IRQs 5 9 10 *11)
[    0.700860] ACPI: PCI Interrupt Link [LNKB] (IRQs 5 9 *10 11)
[    0.704324] ACPI: PCI Interrupt Link [LNKC] (IRQs 5 *9 10 11)
[    0.708304] ACPI: PCI Interrupt Link [LNKD] (IRQs 5 9 10 *11)
[    0.716252] SCSI subsystem initialized
[    0.720368] pci 0000:00:02.0: vgaarb: setting as boot VGA device
[    0.724000] pci 0000:00:02.0: vgaarb: VGA device added: decodes=io+mem,owns=io+mem,locks=none
[    0.724013] pci 0000:00:02.0: vgaarb: bridge control possible
[    0.728004] vgaarb: loaded
[    0.732101] ACPI: bus type USB registered
[    0.736080] usbcore: registered new interface driver usbfs
[    0.740025] usbcore: registered new interface driver hub
[    0.744062] usbcore: registered new device driver usb
[    0.752277] EDAC MC: Ver: 3.0.0
[    0.764216] PCI: Using ACPI for IRQ routing
[    0.769279] NetLabel: Initializing
[    0.772003] NetLabel:  domain hash size = 128
[    0.776006] NetLabel:  protocols = UNLABELED CIPSOv4 CALIPSO
[    0.780026] NetLabel:  unlabeled traffic allowed by default
[    0.788360] clocksource: Switched to clocksource kvm-clock
[    0.800452] VFS: Disk quotas dquot_6.6.0
[    0.800452] VFS: Dquot-cache hash table entries: 512 (order 0, 4096 bytes)
[    0.800452] AppArmor: AppArmor Filesystem Enabled
[    0.800452] pnp: PnP ACPI init
[    0.800452] pnp: PnP ACPI: found 3 devices
[    0.966618] clocksource: acpi_pm: mask: 0xffffff max_cycles: 0xffffff, max_idle_ns: 2085701024 ns
[    0.980053] NET: Registered protocol family 2
[    0.991972] TCP established hash table entries: 8192 (order: 4, 65536 bytes)
[    1.001678] TCP bind hash table entries: 8192 (order: 5, 131072 bytes)
[    1.004760] TCP: Hash tables configured (established 8192 bind 8192)
[    1.004760] UDP hash table entries: 512 (order: 2, 16384 bytes)
[    1.004760] UDP-Lite hash table entries: 512 (order: 2, 16384 bytes)
[    1.004760] NET: Registered protocol family 1
[    1.004760] pci 0000:00:00.0: Limiting direct PCI/PCI transfers
[    1.004760] pci 0000:00:01.0: Activating ISA DMA hang workarounds
[    1.004760] pci 0000:00:02.0: Video device with shadowed ROM at [mem 0x000c0000-0x000dffff]
[    1.004760] Unpacking initramfs...
[    1.895367] Freeing initrd memory: 19524K
[    1.902879] clocksource: tsc: mask: 0xffffffffffffffff max_cycles: 0x2564143601c, max_idle_ns: 440795231101 ns
[    1.914536] platform rtc_cmos: registered platform RTC device (no PNP device found)
[    1.925466] Scanning for low memory corruption every 60 seconds
[    1.939195] Initialise system trusted keyrings
[    1.945427] Key type blacklist registered
[    1.952376] workingset: timestamp_bits=36 max_order=18 bucket_order=0
[    1.962896] zbud: loaded
[    1.970238] squashfs: version 4.0 (2009/01/31) Phillip Lougher
[    1.978736] fuse init (API version 7.26)
[    2.023681] Key type asymmetric registered
[    2.029117] Asymmetric key parser 'x509' registered
[    2.036603] Block layer SCSI generic (bsg) driver version 0.4 loaded (major 246)
[    2.046397] io scheduler noop registered
[    2.052348] io scheduler deadline registered
[    2.057475] io scheduler cfq registered (default)
[    2.064101] ACPI: AC Adapter [AC] (on-line)
[    2.070542] input: Power Button as /devices/LNXSYSTM:00/LNXPWRBN:00/input/input0
[    2.080594] ACPI: Power Button [PWRF]
[    2.087584] input: Sleep Button as /devices/LNXSYSTM:00/LNXSLPBN:00/input/input1
[    2.096724] ACPI: Sleep Button [SLPF]
[    2.104960] Serial: 8250/16550 driver, 32 ports, IRQ sharing enabled
[    2.105114] ACPI: Battery Slot [BAT0] (battery present)
[    2.154984] 00:02: ttyS0 at I/O 0x3f8 (irq = 4, base_baud = 115200) is a 16550A
[    2.166360] Linux agpgart interface v0.103
[    2.177138] loop: module loaded
[    2.186138] scsi host0: ata_piix
[    2.192238] scsi host1: ata_piix
[    2.196822] ata1: PATA max UDMA/33 cmd 0x1f0 ctl 0x3f6 bmdma 0xd000 irq 14
[    2.206482] ata2: PATA max UDMA/33 cmd 0x170 ctl 0x376 bmdma 0xd008 irq 15
[    2.215424] libphy: Fixed MDIO Bus: probed
[    2.222630] tun: Universal TUN/TAP device driver, 1.6
[    2.229590] PPP generic driver version 2.4.2
[    2.236653] ehci_hcd: USB 2.0 'Enhanced' Host Controller (EHCI) Driver
[    2.245136] ehci-pci: EHCI PCI platform driver
[    2.252012] ehci-platform: EHCI generic platform driver
[    2.259016] ohci_hcd: USB 1.1 'Open' Host Controller (OHCI) Driver
[    2.267910] ohci-pci: OHCI PCI platform driver
[    2.274954] ohci-platform: OHCI generic platform driver
[    2.282697] uhci_hcd: USB Universal Host Controller Interface driver
[    2.293351] i8042: PNP: PS/2 Controller [PNP0303:PS2K,PNP0f03:PS2M] at 0x60,0x64 irq 1,12
[    2.311242] serio: i8042 KBD port at 0x60,0x64 irq 1
[    2.320067] serio: i8042 AUX port at 0x60,0x64 irq 12
[    2.328419] mousedev: PS/2 mouse device common for all mice
[    2.340739] input: AT Translated Set 2 keyboard as /devices/platform/i8042/serio0/input/input2
[    2.362646] rtc_cmos rtc_cmos: rtc core: registered rtc_cmos as rtc0
[    2.377622] rtc_cmos rtc_cmos: alarms up to one day, 114 bytes nvram
[    2.389641] i2c /dev entries driver
[    2.396189] device-mapper: uevent: version 1.0.3
[    2.405103] device-mapper: ioctl: 4.37.0-ioctl (2017-09-20) initialised: dm-devel@redhat.com
[    2.457999] ledtrig-cpu: registered to indicate activity on CPUs
[    2.468846] NET: Registered protocol family 10
[    2.487416] Segment Routing with IPv6
[    2.492750] NET: Registered protocol family 17
[    2.498808] Key type dns_resolver registered
[    2.506503] mce: Using 0 MCE banks
[    2.511292] RAS: Correctable Errors collector initialized.
[    2.518940] sched_clock: Marking stable (2518872719, 0)->(4470210761, -1951338042)
[    2.533986] registered taskstats version 1
[    2.540416] Loading compiled-in X.509 certificates
[    2.553563] Loaded X.509 cert 'Build time autogenerated kernel key: 697c210032c6abbec5653106d7fd766083a73612'
[    2.568290] Loaded X.509 cert 'Canonical Ltd. Live Patch Signing: 14df34d1a87cf37625abec039ef2bf521249b969'
[    2.580768] Loaded X.509 cert 'Canonical Ltd. Kernel Module Signing: 88f752e560a1e0737e31163a466ad7b70a850c19'
[    2.593935] zswap: loaded using pool lzo/zbud
[    2.613361] Key type big_key registered
[    2.619471] Key type trusted registered
[    2.629300] Key type encrypted registered
[    2.635814] AppArmor: AppArmor sha1 policy hashing enabled
[    2.643043] ima: No TPM chip found, activating TPM-bypass! (rc=-19)
[    2.651848] ima: Allocated hash algorithm: sha1
[    2.657866] evm: HMAC attrs: 0x1
[    2.663609]   Magic number: 1:541:407
[    2.669871] platform ACPI0003:00: hash matches
[    2.675657] ac ACPI0003:00: hash matches
[    2.681558] rtc_cmos rtc_cmos: setting system clock to 2021-08-14 01:24:11 UTC (1628904251)
[    2.695609] BIOS EDD facility v0.16 2004-Jun-25, 0 devices found
[    2.704361] EDD information not available.
[    2.714928] Freeing unused kernel image memory: 2448K
[    2.740547] Write protecting the kernel read-only data: 20480k
[    2.752808] Freeing unused kernel image memory: 2008K
[    2.761837] Freeing unused kernel image memory: 1824K
[    2.781502] x86/mm: Checked W+X mappings: passed, no W+X pages found.
[    2.791369] x86/mm: Checking user space page tables
[    2.805501] x86/mm: Checked W+X mappings: passed, no W+X pages found.
Loading, please wait...
starting version 237
[    2.994188] e1000: Intel(R) PRO/1000 Network Driver - version 7.3.21-k8-NAPI
[    3.006781] e1000: Copyright (c) 1999-2006 Intel Corporation.
[    3.035574] Fusion MPT base driver 3.04.20
[    3.044550] Copyright (c) 1999-2008 LSI Corporation
[    3.147245] Fusion MPT SPI Host driver 3.04.20
[    3.329866] input: ImExPS/2 Generic Explorer Mouse as /devices/platform/i8042/serio1/input/input4
[    3.924714] e1000 0000:00:03.0 eth0: (PCI:33MHz:32-bit) 02:bb:09:5e:a9:26
[    3.936979] e1000 0000:00:03.0 eth0: Intel(R) PRO/1000 Network Connection
[    4.726159] e1000 0000:00:08.0 eth1: (PCI:33MHz:32-bit) 08:00:27:25:27:49
[    4.735834] e1000 0000:00:08.0 eth1: Intel(R) PRO/1000 Network Connection
[    4.747323] e1000 0000:00:03.0 enp0s3: renamed from eth0
[    4.757325] mptbase: ioc0: Initiating bringup
[    4.770804] e1000 0000:00:08.0 enp0s8: renamed from eth1
[    5.023833] ioc0: LSI53C1030 A0: Capabilities={Initiator}
[    5.289479] scsi host2: ioc0: LSI53C1030 A0, FwRev=00000000h, Ports=1, MaxQ=256, IRQ=20
[    5.470853] scsi 2:0:0:0: Direct-Access     VBOX     HARDDISK         1.0  PQ: 0 ANSI: 5
[    6.095642] scsi target2:0:0: Beginning Domain Validation
[    6.112709] scsi target2:0:0: Domain Validation skipping write tests
[    6.121112] scsi target2:0:0: Ending Domain Validation
[    6.127791] scsi target2:0:0: asynchronous
[    6.134502] random: fast init done
[    6.140816] scsi 2:0:1:0: Direct-Access     VBOX     HARDDISK         1.0  PQ: 0 ANSI: 5
[    6.663587] scsi target2:0:1: Beginning Domain Validation
[    6.680252] scsi target2:0:1: Domain Validation skipping write tests
[    6.688797] scsi target2:0:1: Ending Domain Validation
[    6.695662] scsi target2:0:1: asynchronous
[    6.717322] random: systemd-udevd: uninitialized urandom read (16 bytes read)
[    6.726526] sd 2:0:0:0: Attached scsi generic sg0 type 0
[    6.736125] random: systemd-udevd: uninitialized urandom read (16 bytes read)
[    6.751476] random: systemd-udevd: uninitialized urandom read (16 bytes read)
[    6.753560] sd 2:0:1:0: Attached scsi generic sg1 type 0
[    6.780454] sd 2:0:0:0: [sda] 83886080 512-byte logical blocks: (42.9 GB/40.0 GiB)
[    6.789132] sd 2:0:1:0: [sdb] 20480 512-byte logical blocks: (10.5 MB/10.0 MiB)
[    6.807199] sd 2:0:0:0: [sda] Write Protect is off
[    6.807719] sd 2:0:1:0: [sdb] Write Protect is off
[    6.822817] sd 2:0:0:0: [sda] Incomplete mode parameter data
[    6.822934] sd 2:0:1:0: [sdb] Incomplete mode parameter data
[    6.830800] sd 2:0:0:0: [sda] Assuming drive cache: write through
[    6.839142] sd 2:0:1:0: [sdb] Assuming drive cache: write through
[    6.852495] sd 2:0:1:0: [sdb] Attached SCSI disk
[    6.876597]  sda: sda1
[    6.887086] sd 2:0:0:0: [sda] Attached SCSI disk
Begin: Loading essential drivers ... [    9.740766] raid6: sse2x1   gen()  8125 MB/s
[    9.792721] raid6: sse2x1   xor()  6117 MB/s
[    9.845267] raid6: sse2x2   gen() 10390 MB/s
[    9.896285] raid6: sse2x2   xor()  6672 MB/s
[    9.948129] raid6: sse2x4   gen() 10567 MB/s
[   10.000641] raid6: sse2x4   xor()  6998 MB/s
[   10.006610] raid6: using algorithm sse2x4 gen() 10567 MB/s
[   10.013543] raid6: .... xor() 6998 MB/s, rmw enabled
[   10.021175] raid6: using ssse3x2 recovery algorithm
[   10.032843] xor: measuring software checksum speed
[   10.076728]    prefetch64-sse: 19039.000 MB/sec
[   10.120685]    generic_sse: 14774.000 MB/sec
[   10.126097] xor: using function: prefetch64-sse (19039.000 MB/sec)
[   10.138643] async_tx: api initialized (async)
done.
Begin: Running /scripts/init-premount ... done.
Begin: Mounting root file system ... Begin: Running /scripts/local-top ... done.
Begin: Running /scripts/local-premount ... [   10.245130] Btrfs loaded, crc32c=crc32c-intel
Scanning for Btrfs filesystems
done.
Warning: fsck not present, so skipping root file system
[   10.356784] EXT4-fs (sda1): mounted filesystem with ordered data mode. Opts: (null)
done.
Begin: Running /scripts/local-bottom ... done.
Begin: Running /scripts/init-bottom ... done.
[   10.734509] ip_tables: (C) 2000-2006 Netfilter Core Team
[   10.769851] systemd[1]: systemd 237 running in system mode. (+PAM +AUDIT +SELINUX +IMA +APPARMOR +SMACK +SYSVINIT +UTMP +LIBCRYPTSETUP +GCRYPT +GNUTLS +ACL +XZ +LZ4 +SECCOMP +BLKID +ELFUTILS +KMOD -IDN2 +IDN -PCRE2 default-hierarchy=hybrid)
[   10.795140] systemd[1]: Detected virtualization oracle.
[   10.805353] systemd[1]: Detected architecture x86-64.

Welcome to [1mUbuntu 18.04.5 LTS[0m!

[   10.861481] systemd[1]: Set hostname to <ubuntu>.
[   10.879906] systemd[1]: Initializing machine ID from random generator.
[   10.888843] systemd[1]: Installed transient /etc/machine-id file.
[   11.419400] systemd[1]: Set up automount Arbitrary Executable File Formats File System Automount Point.
[[0;32m  OK  [0m] Set up automount Arbitrary Executab…rmats File System Automount Point.
[   11.439544] systemd[1]: Reached target Swap.
[[0;32m  OK  [0m] Reached target Swap.
[   11.452780] systemd[1]: Reached target System Time Synchronized.
[[0;32m  OK  [0m] Reached target System Time Synchronized.
[   11.467543] systemd[1]: Reached target User and Group Name Lookups.
[[0;32m  OK  [0m] Reached target User and Group Name Lookups.
[[0;32m  OK  [0m] Created slice User and Session Slice.
[[0;32m  OK  [0m] Started Forward Password Requests to Wall Directory Watch.
[[0;32m  OK  [0m] Created slice System Slice.
[[0;32m  OK  [0m] Listening on LVM2 metadata daemon socket.
[[0;32m  OK  [0m] Listening on Journal Socket.
[[0;32m  OK  [0m] Listening on Network Service Netlink Socket.
         Mounting POSIX Message Queue File System...
[[0;32m  OK  [0m] Listening on /dev/initctl Compatibility Named Pipe.
[[0;32m  OK  [0m] Listening on udev Kernel Socket.
[[0;32m  OK  [0m] Listening on LVM2 poll daemon socket.
[[0;32m  OK  [0m] Listening on Journal Audit Socket.
[[0;32m  OK  [0m] Listening on Journal Socket (/dev/log).
[[0;32m  OK  [0m] Listening on Device-mapper event daemon FIFOs.
[[0;32m  OK  [0m] Listening on udev Control Socket.
[[0;32m  OK  [0m] Reached target Slices.
         Starting Set the console keyboard layout...
         Starting Monitoring of LVM2 mirrors…ng dmeventd or progress polling...
         Starting udev Coldplug all Devices...
         Starting Uncomplicated firewall...
[[0;32m  OK  [0m] Listening on Syslog Socket.
         Mounting Kernel Debug File System...
         Starting Journal Service...
[[0;32m  OK  [0m] Listening on fsck to fsckd communication Socket.
         Starting File System Check on Root Device...
         Starting Load Kernel Modules...
[[0;32m  OK  [0m] Created slice system-serial\x2dgetty.slice.
         Starting Create list of required st…ce nodes for the current kernel...
         Mounting Huge Pages File System...
[[0;32m  OK  [0m[   11.854255] Loading iSCSI transport class v2.0-870.
] Started Journal Service.
[[0;32m  OK  [0m] Mounted POSIX Message Queue File System.
[[0;32m  OK  [0m] Started Uncomplicated firewall.
[[0;32m  OK  [0m] Mounted Kernel Debug File System.
[[0;32m  OK  [0m] Mounted Huge Pages File System.
[[0;32m  OK  [0m] Started File System Check Daemon to report status.
[[0;32m  OK  [0m] Started LVM2 metadata daemon.
[[0;32m  OK  [0m] Started Create list of required sta…vice nodes for the current kernel.
         Starting Create Static Device Nodes in /dev...
[[0;32m  OK  [0m] Started File System Check on Root Device.
         Starting Remount Root and Kernel File Systems...
[   11.969284] iscsi: registered transport (tcp)
[[0;32m  OK  [0m] Started udev Coldplug all Devices.
[   12.090800] EXT4-fs (sda1): re-mounted. Opts: (null)
[[0;32m  OK  [0m] Started Remount Root and Kernel File Systems.
[   12.134360] iscsi: registered transport (iser)
         Starting Load/Save Random Seed...
         Starting Flush Journal to Persistent Storage...
[[0;32m  OK  [0m] Started Monitoring of LVM2 mirrors,…sing dmeventd or progress polling.
[[0;32m  OK  [0m] Started Load Kernel Modules.
         Mounting Kernel Configuration File System...
         Mounting FUSE Control File System...
         Starting Apply Kernel Variables...
[[0;32m  OK  [0m] Started Create Static Device Nodes in /dev.
[[0;32m  OK  [0m] Mounted FUSE Control File System.
         Starting udev Kernel Device Manager...
[   12.233656] systemd-journald[395]: Received request to flush runtime journal from PID 1
[[0;32m  OK  [0m] Started Set the console keyboard layout.
[[0;32m  OK  [0m] Reached target Local File Systems (Pre).
[[0;32m  OK  [0m] Reached target Local File Systems.
         Starting Tell Plymouth To Write Out Runtime Data...
         Starting Commit a transient machine-id on disk...
         Starting ebtables ruleset management...
         Starting Set console font and keymap...
         Starting AppArmor initialization...
[[0;32m  OK  [0m] Started Load/Save Random Seed.
[[0;32m  OK  [0m] Mounted Kernel Configuration File System.
[[0;32m  OK  [0m] Started Tell Plymouth To Write Out Runtime Data.
[[0;32m  OK  [0m] Started Set console font and keymap.
[[0;32m  OK  [0m] Started Apply Kernel Variables.
[[0;32m  OK  [0m] Started Flush Journal to Persistent Storage.
         Starting Create Volatile Files and Directories...
[[0;32m  OK  [0m] Started Commit a transient machine-id on disk.
[[0;32m  OK  [0m] Started udev Kernel Device Manager.
[[0;32m  OK  [0m] Started Dispatch Password Requests to Console Directory Watch.
[[0;32m  OK  [0m] Reached target Local Encrypted Volumes.
[[0;32m  OK  [0m] Started Create Volatile Files and Directories.
         Starting Update UTMP about System Boot/Shutdown...
[[0;32m  OK  [0m] Started Update UTMP about System Boot/Shutdown.
[[0;32m  OK  [0m] Started ebtables ruleset management.
[[0;32m  OK  [0m] Found device /dev/ttyS0.
[[0;32m  OK  [0m] Listening on Load/Save RF Kill Switch Status /dev/rfkill Watch.
[[0;32m  OK  [0m] Started AppArmor initialization.
         Starting Initial cloud-init job (pre-networking)...
         Starting Load AppArmor profiles managed internally by snapd...
[[0;32m  OK  [0m] Started Load AppArmor profiles managed internally by snapd.
[   17.192834] cloud-init[526]: Cloud-init v. 21.2-3-g899bfaa9-0ubuntu2~18.04.1 running 'init-local' at Sat, 14 Aug 2021 01:24:25 +0000. Up 16.34 seconds.
[[0;32m  OK  [0m] Started Initial cloud-init job (pre-networking).
[[0;32m  OK  [0m] Reached target Network (Pre).
         Starting Network Service...
[[0;32m  OK  [0m] Started Network Service.
         Starting Network Name Resolution...
         Starting Wait for Network to be Configured...
[[0;32m  OK  [0m] Started Network Name Resolution.
[[0;32m  OK  [0m] Reached target Host and Network Name Lookups.
[[0;32m  OK  [0m] Reached target Network.
[[0;32m  OK  [0m] Started Wait for Network to be Configured.
         Starting Initial cloud-init job (metadata service crawler)...
[   19.437531] cloud-init[636]: Cloud-init v. 21.2-3-g899bfaa9-0ubuntu2~18.04.1 running 'init' at Sat, 14 Aug 2021 01:24:27 +0000. Up 19.18 seconds.
[   19.446137] cloud-init[636]: ci-info: ++++++++++++++++++++++++++++++++++++++Net device info++++++++++++++++++++++++++++++++++++++
[   19.452484] cloud-init[636]: ci-info: +--------+-------+---------------------------+---------------+--------+-------------------+
[   19.459026] cloud-init[636]: ci-info: | Device |   Up  |          Address          |      Mask     | Scope  |     Hw-Address    |
[   19.467022] cloud-init[636]: ci-info: +--------+-------+---------------------------+---------------+--------+-------------------+
[   19.474281] cloud-init[636]: ci-info: | enp0s3 |  True |         10.0.2.15         | 255.255.255.0 | global | 02:bb:09:5e:a9:26 |
[   19.482324] cloud-init[636]: ci-info: | enp0s3 |  True | fe80::bb:9ff:fe5e:a926/64 |       .       |  link  | 02:bb:09:5e:a9:26 |
[   19.489122] cloud-init[636]: ci-info: | enp0s8 | False |             .             |       .       |   .    | 08:00:27:25:27:49 |
[   19.497171] cloud-init[636]: ci-info: |   lo   |  True |         127.0.0.1         |   255.0.0.0   |  host  |         .         |
[   19.507423] cloud-init[636]: ci-info: |   lo   |  True |          ::1/128          |       .       |  host  |         .         |
[   19.521402] cloud-init[636]: ci-info: +--------+-------+---------------------------+---------------+--------+-------------------+
[   19.527347] cloud-init[636]: ci-info: ++++++++++++++++++++++++++++Route IPv4 info+++++++++++++++++++++++++++++
[   19.533836] cloud-init[636]: ci-info: +-------+-------------+----------+-----------------+-----------+-------+
[   19.538852] cloud-init[636]: ci-info: | Route | Destination | Gateway  |     Genmask     | Interface | Flags |
[   19.544632] cloud-init[636]: ci-info: +-------+-------------+----------+-----------------+-----------+-------+
[   19.550671] cloud-init[636]: ci-info: |   0   |   0.0.0.0   | 10.0.2.2 |     0.0.0.0     |   enp0s3  |   UG  |
[   19.555422] cloud-init[636]: ci-info: |   1   |   10.0.2.0  | 0.0.0.0  |  255.255.255.0  |   enp0s3  |   U   |
[   19.559862] cloud-init[636]: ci-info: |   2   |   10.0.2.2  | 0.0.0.0  | 255.255.255.255 |   enp0s3  |   UH  |
[   19.566792] cloud-init[636]: ci-info: +-------+-------------+----------+-----------------+-----------+-------+
[   19.571863] cloud-init[636]: ci-info: +++++++++++++++++++Route IPv6 info+++++++++++++++++++
[   19.576096] cloud-init[636]: ci-info: +-------+-------------+---------+-----------+-------+
[   19.581538] cloud-init[636]: ci-info: | Route | Destination | Gateway | Interface | Flags |
[   19.585796] cloud-init[636]: ci-info: +-------+-------------+---------+-----------+-------+
[   19.590054] cloud-init[636]: ci-info: |   1   |  fe80::/64  |    ::   |   enp0s3  |   U   |
[   19.596061] cloud-init[636]: ci-info: |   3   |    local    |    ::   |   enp0s3  |   U   |
[   19.600648] cloud-init[636]: ci-info: |   4   |   ff00::/8  |    ::   |   enp0s3  |   U   |
[   19.606059] cloud-init[636]: ci-info: +-------+-------------+---------+-----------+-------+
[   20.917975] cloud-init[636]: Generating public/private rsa key pair.
[   20.921987] cloud-init[636]: Your identification has been saved in /etc/ssh/ssh_host_rsa_key.
[   20.928140] cloud-init[636]: Your public key has been saved in /etc/ssh/ssh_host_rsa_key.pub.
[   20.934711] cloud-init[636]: The key fingerprint is:
[   20.938265] cloud-init[636]: SHA256:s0km8kyM5d0kgypqV4qOYDlj98exDZ8l+/B5nh4KQ6A root@ubuntu-bionic
[   20.944150] cloud-init[636]: The key's randomart image is:
[   20.949531] cloud-init[636]: +---[RSA 2048]----+
[   20.952933] cloud-init[636]: |                 |
[   20.955850] cloud-init[636]: |       .         |
[   20.959011] cloud-init[636]: |      o.o .      |
[   20.965151] cloud-init[636]: |     *...=       |
[   20.968490] cloud-init[636]: |  . +E= S..      |
[   20.971611] cloud-init[636]: | .o.o= *.= .     |
[   20.974932] cloud-init[636]: |oO +  + O+=  .   |
[   20.979280] cloud-init[636]: |B = .  + == o.o  |
[   20.982769] cloud-init[636]: |..   ..   .=++   |
[   20.985813] cloud-init[636]: +----[SHA256]-----+
[   20.988872] cloud-init[636]: Generating public/private dsa key pair.
[   20.992808] cloud-init[636]: Your identification has been saved in /etc/ssh/ssh_host_dsa_key.
[   20.998996] cloud-init[636]: Your public key has been saved in /etc/ssh/ssh_host_dsa_key.pub.
[   21.004135] cloud-init[636]: The key fingerprint is:
[   21.007538] cloud-init[636]: SHA256:kJ7Pk+Wfik/7ANLRF+rSm+ThYRHSAqseQSADw3iY/xs root@ubuntu-bionic
[   21.014139] cloud-init[636]: The key's randomart image is:
[   21.017946] cloud-init[636]: +---[DSA 1024]----+
[   21.021340] cloud-init[636]: |Oo... ..... .    |
[   21.024383] cloud-init[636]: |+=..   o.o.o .   |
[   21.028801] cloud-init[636]: | o  . + ..+ .    |
[   21.032737] cloud-init[636]: |  .  + + + o     |
[   21.035827] cloud-init[636]: |   .o + S O      |
[   21.039242] cloud-init[636]: |   .E. + @ =     |
[   21.042853] cloud-init[636]: |    .o  = O      |
[   21.048902] cloud-init[636]: |    .    + + .   |
[   21.052892] cloud-init[636]: |        ..+o+    |
[   21.056089] cloud-init[636]: +----[SHA256]-----+
[   21.059161] cloud-init[636]: Generating public/private ecdsa key pair.
[   21.064973] cloud-init[636]: Your identification has been saved in /etc/ssh/ssh_host_ecdsa_key.
[   21.070143] cloud-init[636]: Your public key has been saved in /etc/ssh/ssh_host_ecdsa_key.pub.
[   21.075414] cloud-init[636]: The key fingerprint is:
[   21.079474] cloud-init[636]: SHA256:kZ64BiB7nWCiLTFMMxDePox10DhkETprYsC8juq6k0M root@ubuntu-bionic
[   21.085905] cloud-init[636]: The key's randomart image is:
[   21.096084] cloud-init[636]: +---[ECDSA 256]---+
[   21.104101] cloud-init[636]: |+=.*=            |
[   21.114170] cloud-init[636]: |* *o..   .       |
[   21.121882] cloud-init[636]: |*B+o..  o        |
[   21.131156] cloud-init[636]: |oOO+.. o o       |
[   21.139191] cloud-init[636]: |=*o++ . S        |
[   21.147261] cloud-init[636]: |*E  .. .         |
[   21.155740] cloud-init[636]: |oo    o          |
[   21.164738] cloud-init[636]: |=    .           |
[   21.172087] cloud-init[636]: |*=               |
[   21.180284] [[0;32m  OK  [0m] Started Initial cloud-init job (metadata service crawler).
[[0;32m  OK  [0m] Reached target System Initialization.
[[0;32m  OK  [0m] Started Daily Cleanup of Temporary Directories.
[[0;32m  OK  [0m] Listening on D-Bus System Message Bus Socket.
         Starting Socket activation for snappy daemon.
[[0;32m  OK  [0m] Started Ubuntu Advantage update messaging.
[[0;32m  OK  [0m] Listening on UUID daemon activation socket.
[[0;32m  OK  [0m] Listening on Open-iSCSI iscsid Socket.
[[0;32m  OK  [0m] Started Daily apt download activities.
[[0;32m  OK  [0m] Started Daily apt upgrade and clean activities.
[[0;32m  OK  [0m] Started Message of the Day.
[[0;32m  OK  [0m] Started ACPI Events Check.
[[0;32m  OK  [0m] Reached target Paths.
[[0;32m  OK  [0m] Started Discard unused blocks once a week.
[[0;32m  OK  [0m] Reached target Timers.
[[0;32m  OK  [0m] Listening on ACPID Listen Socket.
         Starting LXD - unix socket.
[[0;32m  OK  [0m] Reached target Network is Online.
[[0;32m  OK  [0m] Reached target Remote File Systems (Pre).
[[0;32m  OK  [0m] Reached target Remote File Systems.
         Starting Availability of block devices...
[[0;32m  OK  [0m] Reached target Cloud-config availability.
[[0;32m  OK  [0m] Listening on Socket activation for snappy daemon.
[[0;32m  OK  [0m] Listening on LXD - unix socket.
[[0;32m  OK  [0m] Reached target Sockets.
[[0;32m  OK  [0m] Reached target Basic System.
         Starting LSB: Record successful boot for GRUB...
         Starting LSB: automatic crash report generation...
         Starting Permit User Sessions...
         Starting Pollinate to seed the pseudo random number generator...
         Starting System Logging Service...
[[0;32m  OK  [0m] Started irqbalance daemon.
         Starting Virtualbox guest utils...
cloud-init[636]: +----[SHA256]-----+
         Starting Login Service...
[[0;32m  OK  [0m] Started D-Bus System Message Bus.
[   21.279788] cloud-init[636]: Generating public/private ed25519 key pair.
[   21.350246] cloud-init[636]: Your identification has been saved in /etc/ssh/ssh_host_ed25519_key.
[   21.378811] cloud-init[636]: Your public key has been saved in /etc/ssh/ssh_host_ed25519_key.pub.
[   21.405085] cloud-init[636]: The key fingerprint is:
[   21.412924] cloud-init[636]: SHA256:ON3mbtSL2IdKnbGGO4WLeNwT4U6I3pukIapPYqydmlI root@ubuntu-bionic
[   21.418387] cloud-init[636]: The key's randomart image is:
[   21.421969] cloud-init[636]: +--[ED25519 256]--+
[   21.424955] cloud-init[636]: |                 |
[   21.429016] cloud-init[636]: |                 |
[   21.431631] cloud-init[636]: |                 |
[   21.433738] cloud-init[636]: |       o..       |
[   21.436575] cloud-init[636]: |     .ooSo+.     |
[   21.442023] cloud-init[636]: |. E . ..==o+.    |
[   21.448710] cloud-init[636]: |.+o..+.=oB*o .   |
[   21.451647] cloud-init[636]: |+* oo+=oB+= o    |
[   21.455675] cloud-init[636]: |Oo+ ..o.o=..     |
[   21.458968] cloud-init[636]: +----[SHA256]-----+
[[0;32m  OK  [0m] Started Login Service.
         Starting Dispatcher daemon for systemd-networkd...
         Starting LXD - container startup/shutdown...
         Starting Accounts Service...
         Starting Snap Daemon...
[[0;32m  OK  [0m] Started FUSE filesystem for LXC.
[[0;32m  OK  [0m] Started Deferred execution scheduler.
[[0;32m  OK  [0m] Started Regular background program processing daemon.
[[0;32m  OK  [0m] Started Unattended Upgrades Shutdown.
[[0;32m  OK  [0m] Started System Logging Service.
[[0;32m  OK  [0m] Started Availability of block devices.
[[0;32m  OK  [0m] Started Permit User Sessions.
         Starting Terminate Plymouth Boot Screen...
         Starting Hold until boot process finishes up...
[[0;32m  OK  [0m] Started Hold until boot process finishes up.
         Starting Set console scheme...
[[0;32m  OK  [0m] Started Serial Getty on ttyS0.
[[0;32m  OK  [0m] Started Terminate Plymouth Boot Screen.
[[0;32m  OK  [0m] Started Set console scheme.
[[0;32m  OK  [0m] Created slice system-getty.slice.
[[0;32m  OK  [0m] Started Getty on tty1.
[[0;32m  OK  [0m] Reached target Login Prompts.
[[0;32m  OK  [0m] Started LSB: automatic crash report generation.
         Starting Authorization Manager...
[[0;32m  OK  [0m] Started LSB: Record successful boot for GRUB.
[[0;32m  OK  [0m] Started Authorization Manager.
[[0;32m  OK  [0m] Started Accounts Service.
[[0;32m  OK  [0m] Started LXD - container startup/shutdown.
[[0;32m  OK  [0m] Started Virtualbox guest utils.
[[0;32m  OK  [0m] Started Dispatcher daemon for systemd-networkd.
[[0;32m  OK  [0m] Started Snap Daemon.
         Starting Wait until snapd is fully seeded...
[[0;32m  OK  [0m] Started Wait until snapd is fully seeded.
         Starting Apply the settings specified in cloud-config...
[[0;32m  OK  [0m] Started Pollinate to seed the pseudo random number generator.
         Starting OpenBSD Secure Shell server...
[[0;32m  OK  [0m] Started OpenBSD Secure Shell server.
[[0;32m  OK  [0m] Reached target Multi-User System.
[[0;32m  OK  [0m] Reached target Graphical Interface.
         Starting Update UTMP about System Runlevel Changes...
[[0;32m  OK  [0m] Started Update UTMP about System Runlevel Changes.
[[0;32m  OK  [0m] Created slice User Slice of vagrant.
[[0;32m  OK  [0m] Started Session 1 of user vagrant.
         Starting User Manager for UID 1000...
[[0;32m  OK  [0m] Started User Manager for UID 1000.
[   26.981887] cloud-init[1004]: Cloud-init v. 21.2-3-g899bfaa9-0ubuntu2~18.04.1 running 'modules:config' at Sat, 14 Aug 2021 01:24:34 +0000. Up 25.37 seconds.

Ubuntu 18.04.5 LTS ubuntu-bionic ttyS0

ubuntu-bionic login: ci-info: no authorized SSH keys fingerprints found for user ubuntu.
<14>Aug 14 01:24:36 cloud-init: #############################################################
<14>Aug 14 01:24:37 cloud-init: -----BEGIN SSH HOST KEY FINGERPRINTS-----
<14>Aug 14 01:24:37 cloud-init: 1024 SHA256:kJ7Pk+Wfik/7ANLRF+rSm+ThYRHSAqseQSADw3iY/xs root@ubuntu-bionic (DSA)
<14>Aug 14 01:24:37 cloud-init: 256 SHA256:kZ64BiB7nWCiLTFMMxDePox10DhkETprYsC8juq6k0M root@ubuntu-bionic (ECDSA)
<14>Aug 14 01:24:37 cloud-init: 256 SHA256:ON3mbtSL2IdKnbGGO4WLeNwT4U6I3pukIapPYqydmlI root@ubuntu-bionic (ED25519)
<14>Aug 14 01:24:37 cloud-init: 2048 SHA256:s0km8kyM5d0kgypqV4qOYDlj98exDZ8l+/B5nh4KQ6A root@ubuntu-bionic (RSA)
<14>Aug 14 01:24:37 cloud-init: -----END SSH HOST KEY FINGERPRINTS-----
<14>Aug 14 01:24:37 cloud-init: #############################################################
-----BEGIN SSH HOST KEY KEYS-----
ecdsa-sha2-nistp256 AAAAE2VjZHNhLXNoYTItbmlzdHAyNTYAAAAIbmlzdHAyNTYAAABBBD5tCk4Br1WLDFewmvB33dMY5ZC8EEukRX23c971Fw8oW3bTmGrktNE2C/+sSKDC7qV3kMttGRuyWJFadZRTN3M= root@ubuntu-bionic
ssh-ed25519 AAAAC3NzaC1lZDI1NTE5AAAAIOsTIzkc/jBTZ6NpVODo6VKepLDnH8Rm4iBQzCN7uaWL root@ubuntu-bionic
ssh-rsa AAAAB3NzaC1yc2EAAAADAQABAAABAQDAi85Q+EiToDgKfniclfwEisqFJ5e12CzXGxSlHfJdZqR+6o2aM64LWc1nOo1c6fhuuM9Okqyp2ufhU0GXaQe3Ld7QooMzHYtLNH70M6o22/rWFyvVqPAnTCMAPsiiI+wK/zwpIIeq+qepFTVga6Kao4nJtfH1v+FO/X4ui7K6omTi4zt2LbGeuLWeAPDX+TIcfkKNypphls5LS7CzM3Qz6A1OTX7wI5Qn2gzMoNGLqdQhficcDj4BkJH+yvhbo4jfMj9T0t4ErawxyPxpWJLhoUEdp6iEaDkwesPzzdRU31KWbsCrlDmUcfdjsMooiFpt9fzhSjgSYljtTagdqQ7t root@ubuntu-bionic
-----END SSH HOST KEY KEYS-----
[   28.313235] cloud-init[1143]: Cloud-init v. 21.2-3-g899bfaa9-0ubuntu2~18.04.1 running 'modules:final' at Sat, 14 Aug 2021 01:24:36 +0000. Up 27.77 seconds.
[   28.313424] cloud-init[1143]: ci-info: no authorized SSH keys fingerprints found for user ubuntu.
[   28.313979] cloud-init[1143]: Cloud-init v. 21.2-3-g899bfaa9-0ubuntu2~18.04.1 finished at Sat, 14 Aug 2021 01:24:37 +0000. Datasource DataSourceNoCloud [seed=/dev/sdb][dsmode=net].  Up 28.24 seconds
